2019-12-24 15:12:37,390 training args:Namespace(cfg='../cfgs/refcoco/base_gt_boxes_1.yaml', cudnn_off=False, dist=False, do_test=False, log_dir='././output/vl-bert/refcoco+/base_gt_boxes_1/train_train/tensorboard_logs', model_dir='./', partial_pretrain=None, slurm=False)

2019-12-24 15:12:37,405 training config:{'CHECKPOINT_FREQUENT': 1,
 'DATASET': {'ADD_IMAGE_AS_A_BOX': True,
             'ANSWER_VOCAB_FILE': '',
             'ANSWER_VOCAB_SIZE': 3129,
             'APPEND_INDEX': False,
             'BASIC_ALIGN': False,
             'CACHE_MODE': False,
             'DATASET': 'refcoco+',
             'DATASET_PATH': '/home/lihui/datasets/coco',
             'IGNORE_DB_CACHE': True,
             'LABEL_INDEX_IN_BATCH': -1,
             'MASK_SIZE': 14,
             'ONLY_USE_RELEVANT_DETS': True,
             'PROPOSAL_SOURCE': 'official',
             'QA2R_AUG': False,
             'QA2R_NOQ': False,
             'ROOT_PATH': './',
             'TASK': 'Q2AR',
             'TEST_ANNOTATION_FILE': '',
             'TEST_BOXES': 'gt',
             'TEST_IMAGE_SET': 'test',
             'TRAIN_ANNOTATION_FILE': '',
             'TRAIN_BOXES': 'gt',
             'TRAIN_IMAGE_SET': 'train',
             'USE_IMDB': True,
             'VAL_ANNOTATION_FILE': '',
             'VAL_BOXES': 'gt',
             'VAL_IMAGE_SET': 'val',
             'ZIP_MODE': False},
 'GPUS': '0',
 'LOG_FREQUENT': 100,
 'MODEL_PREFIX': 'vl-bert_base_res101_refcoco',
 'MODULE': 'ResNetVLBERT',
 'NETWORK': {'ANS_LOSS_TYPE': 'bce',
             'ANS_LOSS_WEIGHT': 1.0,
             'BERT_ALIGN_ANSWER': True,
             'BERT_ALIGN_QUESTION': True,
             'BERT_FROZEN': False,
             'BERT_MODEL_NAME': './model/pretrained_model/bert-base-uncased',
             'BERT_PRETRAINED': '',
             'BERT_PRETRAINED_EPOCH': 0,
             'BERT_USE_LAYER': -2,
             'BERT_WITH_MLM_LOSS': False,
             'BERT_WITH_NSP_LOSS': False,
             'BLIND': False,
             'CLASSIFIER_DROPOUT': 0.0,
             'CLASSIFIER_HIDDEN_SIZE': 1024,
             'CLASSIFIER_PRETRAINED': False,
             'CLASSIFIER_SIGMOID': False,
             'CLASSIFIER_SIGMOID_LOSS_POSITIVE_WEIGHT': 1.0,
             'CLASSIFIER_TYPE': '2fc',
             'CNN_LOSS_WEIGHT': 1.0,
             'ENABLE_CNN_REG_LOSS': False,
             'IMAGE_C5_DILATED': True,
             'IMAGE_FEAT_PRECOMPUTED': False,
             'IMAGE_FINAL_DIM': 768,
             'IMAGE_FROZEN_BACKBONE_STAGES': [1, 2],
             'IMAGE_FROZEN_BN': True,
             'IMAGE_NUM_LAYERS': 101,
             'IMAGE_PRETRAINED': './model/pretrained_model/resnet101-pt-vgbua',
             'IMAGE_PRETRAINED_EPOCH': 0,
             'IMAGE_SEMANTIC': False,
             'IMAGE_STRIDE_IN_1x1': True,
             'NO_GROUNDING': False,
             'NO_OBJ_ATTENTION': False,
             'OUTPUT_CONV5': False,
             'PARTIAL_PRETRAIN': './model/pretrained_model/vl-bert-base-e2e.model',
             'PARTIAL_PRETRAIN_PREFIX_CHANGES': ['vlbert.mvrc_head.transform->final_mlp.0',
                                                 'module.vlbert.mvrc_head.transform->module.final_mlp.0',
                                                 'vlbert->vlbert',
                                                 'module.vlbert->module.vlbert'],
             'PIXEL_MEANS': [102.9801, 115.9465, 122.7717],
             'PIXEL_STDS': [1.0, 1.0, 1.0],
             'REPLACE_OBJECT_CHANGE_LABEL': True,
             'VLBERT': {'attention_probs_dropout_prob': 0.1,
                        'hidden_act': 'gelu',
                        'hidden_dropout_prob': 0.1,
                        'hidden_size': 768,
                        'initializer_range': 0.02,
                        'input_size': 1280,
                        'input_transform_type': 1,
                        'intermediate_size': 3072,
                        'max_position_embeddings': 512,
                        'num_attention_heads': 12,
                        'num_hidden_layers': 12,
                        'obj_pos_id_relative': True,
                        'object_word_embed_mode': 2,
                        'position_padding_idx': -1,
                        'type_vocab_size': 3,
                        'visual_ln': True,
                        'visual_scale_object_init': 0.0,
                        'visual_scale_text_init': 0.0,
                        'visual_size': 768,
                        'vocab_size': 30522,
                        'with_pooler': False,
                        'word_embedding_frozen': False}},
 'NUM_WORKERS_PER_GPU': 1,
 'OUTPUT_PATH': '././output/vl-bert/refcoco+',
 'RNG_SEED': 12345,
 'SCALES': [600, 1000],
 'TEST': {'BATCH_IMAGES': 1, 'FLIP_PROB': 0, 'SHUFFLE': False, 'TEST_EPOCH': 0},
 'TRAIN': {'ASPECT_GROUPING': True,
           'AUTO_RESUME': True,
           'BATCH_IMAGES': 1,
           'BEGIN_EPOCH': 0,
           'CLIP_GRAD_NORM': 1.0,
           'END_EPOCH': 20,
           'FLIP_PROB': 0.5,
           'FP16': False,
           'FP16_LOSS_SCALE': 128.0,
           'GRAD_ACCUMULATE_STEPS': 2,
           'LOSS_LOGGERS': [('cls_loss', 'ClsLoss')],
           'LR': 8e-07,
           'LR_FACTOR': 0.1,
           'LR_MULT': [],
           'LR_SCHEDULE': 'triangle',
           'LR_STEP': [],
           'MOMENTUM': 0.9,
           'OPTIMIZER': 'AdamW',
           'RESUME': False,
           'SHUFFLE': True,
           'VISUAL_SCALE_CLIP_GRAD_NORM': -1,
           'VISUAL_SCALE_OBJECT_LR_MULT': 1.0,
           'VISUAL_SCALE_TEXT_LR_MULT': 1.0,
           'WARMUP': True,
           'WARMUP_FACTOR': 0.0,
           'WARMUP_METHOD': 'linear',
           'WARMUP_STEPS': 3750,
           'WD': 0.0001},
 'VAL': {'BATCH_IMAGES': 1, 'FLIP_PROB': 0, 'SHUFFLE': False},
 'VAL_FREQUENT': 1}

